# audit.log — OS Security Project
# This file stores all system actions such as:
# - encryption
# - decryption
# - user lock/unlock events
# - brute-force monitoring usage
#
# Automatically appended by main.sh (log_action function)
2025-11-23 12:32:04 - Started Sentinix (main.sh)
2025-11-23 12:32:10 - Encryption requested by user
2025-11-23 12:34:53 - Started Sentinix (main.sh)
2025-11-23 12:34:55 - Exiting Sentinix
2025-12-02 20:48:33 - Started Sentinix (main.sh)
2025-12-02 20:50:24 - Started Sentinix (main.sh)
2025-12-02 20:50:29 - Exiting Sentinix
2025-12-02 20:53:06 - Started Sentinix (main.sh)
2025-12-02 20:53:49 - Started Sentinix (main.sh)
2025-12-02 20:54:00 - Started Sentinix (main.sh)
2025-12-02 20:55:34 - Started Sentinix (main.sh)
2025-12-02 20:55:38 - Performed auto-block scan
2025-12-02 20:57:04 - Exiting Sentinix
